<?xml version="1.0" encoding="UTF-8"?>
<!-- Generated by org.testng.reporters.JUnitReportReporter -->
<testsuite hostname="DESKTOP-LJG4G8J" failures="0" tests="1" name="qaclickacademy.SeleniumTest" time="0.008" errors="0" timestamp="2020-02-13T16:46:17 IST" skipped="0">
  <testcase classname="qaclickacademy.SeleniumTest" name="browser" time="0.008"/>
  <system-out/>
</testsuite> <!-- qaclickacademy.SeleniumTest -->
